[30-Mar-2016 15:25:33 UTC] PHP Fatal error:  Class 'App\Http\Controllers\Recipe' not found in /home/ubuntu/workspace/recipes/app/Http/Controllers/ControllerRicette.php on line 15
[30-Mar-2016 15:25:33 UTC] PHP Stack trace:
[30-Mar-2016 15:25:33 UTC] PHP   1. {main}() /home/ubuntu/workspace/recipes/public/index.php:0
[30-Mar-2016 15:25:33 UTC] PHP   2. Illuminate\Foundation\Http\Kernel->handle() /home/ubuntu/workspace/recipes/public/index.php:54
[30-Mar-2016 15:25:33 UTC] PHP   3. Illuminate\Foundation\Http\Kernel->sendRequestThroughRouter() /home/ubuntu/workspace/recipes/vendor/laravel/framework/src/Illuminate/Foundation/Http/Kernel.php:99
[30-Mar-2016 15:25:33 UTC] PHP   4. Illuminate\Pipeline\Pipeline->then() /home/ubuntu/workspace/recipes/vendor/laravel/framework/src/Illuminate/Foundation/Http/Kernel.php:132
[30-Mar-2016 15:25:33 UTC] PHP   5. call_user_func:{/home/ubuntu/workspace/recipes/vendor/laravel/framework/src/Illuminate/Pipeline/Pipeline.php:103}() /home/ubuntu/workspace/recipes/vendor/laravel/framework/src/Illuminate/Pipeline/Pipeline.php:103
[30-Mar-2016 15:25:33 UTC] PHP   6. Illuminate\Routing\Pipeline->Illuminate\Routing\{closure}() /home/ubuntu/workspace/recipes/vendor/laravel/framework/src/Illuminate/Pipeline/Pipeline.php:103
[30-Mar-2016 15:25:33 UTC] PHP   7. call_user_func:{/home/ubuntu/workspace/recipes/vendor/laravel/framework/src/Illuminate/Routing/Pipeline.php:32}() /home/ubuntu/workspace/recipes/vendor/laravel/framework/src/Illuminate/Routing/Pipeline.php:32
[30-Mar-2016 15:25:33 UTC] PHP   8. Illuminate\Pipeline\Pipeline->Illuminate\Pipeline\{closure}() /home/ubuntu/workspace/recipes/vendor/laravel/framework/src/Illuminate/Routing/Pipeline.php:32
[30-Mar-2016 15:25:33 UTC] PHP   9. call_user_func_array:{/home/ubuntu/workspace/recipes/vendor/laravel/framework/src/Illuminate/Pipeline/Pipeline.php:124}() /home/ubuntu/workspace/recipes/vendor/laravel/framework/src/Illuminate/Pipeline/Pipeline.php:124
[30-Mar-2016 15:25:33 UTC] PHP  10. Illuminate\Foundation\Http\Middleware\CheckForMaintenanceMode->handle() /home/ubuntu/workspace/recipes/vendor/laravel/framework/src/Illuminate/Pipeline/Pipeline.php:124
[30-Mar-2016 15:25:33 UTC] PHP  11. Illuminate\Routing\Pipeline->Illuminate\Routing\{closure}() /home/ubuntu/workspace/recipes/vendor/laravel/framework/src/Illuminate/Foundation/Http/Middleware/CheckForMaintenanceMode.php:44
[30-Mar-2016 15:25:33 UTC] PHP  12. call_user_func:{/home/ubuntu/workspace/recipes/vendor/laravel/framework/src/Illuminate/Routing/Pipeline.php:52}() /home/ubuntu/workspace/recipes/vendor/laravel/framework/src/Illuminate/Routing/Pipeline.php:52
[30-Mar-2016 15:25:33 UTC] PHP  13. Illuminate\Foundation\Http\Kernel->Illuminate\Foundation\Http\{closure}() /home/ubuntu/workspace/recipes/vendor/laravel/framework/src/Illuminate/Routing/Pipeline.php:52
[30-Mar-2016 15:25:33 UTC] PHP  14. Illuminate\Routing\Router->dispatch() /home/ubuntu/workspace/recipes/vendor/laravel/framework/src/Illuminate/Foundation/Http/Kernel.php:282
[30-Mar-2016 15:25:33 UTC] PHP  15. Illuminate\Routing\Router->dispatchToRoute() /home/ubuntu/workspace/recipes/vendor/laravel/framework/src/Illuminate/Routing/Router.php:654
[30-Mar-2016 15:25:33 UTC] PHP  16. Illuminate\Routing\Router->runRouteWithinStack() /home/ubuntu/workspace/recipes/vendor/laravel/framework/src/Illuminate/Routing/Router.php:678
[30-Mar-2016 15:25:33 UTC] PHP  17. Illuminate\Pipeline\Pipeline->then() /home/ubuntu/workspace/recipes/vendor/laravel/framework/src/Illuminate/Routing/Router.php:705
[30-Mar-2016 15:25:33 UTC] PHP  18. call_user_func:{/home/ubuntu/workspace/recipes/vendor/laravel/framework/src/Illuminate/Pipeline/Pipeline.php:103}() /home/ubuntu/workspace/recipes/vendor/laravel/framework/src/Illuminate/Pipeline/Pipeline.php:103
[30-Mar-2016 15:25:33 UTC] PHP  19. Illuminate\Routing\Pipeline->Illuminate\Routing\{closure}() /home/ubuntu/workspace/recipes/vendor/laravel/framework/src/Illuminate/Pipeline/Pipeline.php:103
[30-Mar-2016 15:25:33 UTC] PHP  20. call_user_func:{/home/ubuntu/workspace/recipes/vendor/laravel/framework/src/Illuminate/Routing/Pipeline.php:32}() /home/ubuntu/workspace/recipes/vendor/laravel/framework/src/Illuminate/Routing/Pipeline.php:32
[30-Mar-2016 15:25:33 UTC] PHP  21. Illuminate\Pipeline\Pipeline->Illuminate\Pipeline\{closure}() /home/ubuntu/workspace/recipes/vendor/laravel/framework/src/Illuminate/Routing/Pipeline.php:32
[30-Mar-2016 15:25:33 UTC] PHP  22. call_user_func_array:{/home/ubuntu/workspace/recipes/vendor/laravel/framework/src/Illuminate/Pipeline/Pipeline.php:124}() /home/ubuntu/workspace/recipes/vendor/laravel/framework/src/Illuminate/Pipeline/Pipeline.php:124
[30-Mar-2016 15:25:33 UTC] PHP  23. Illuminate\Cookie\Middleware\EncryptCookies->handle() /home/ubuntu/workspace/recipes/vendor/laravel/framework/src/Illuminate/Pipeline/Pipeline.php:124
[30-Mar-2016 15:25:33 UTC] PHP  24. Illuminate\Routing\Pipeline->Illuminate\Routing\{closure}() /home/ubuntu/workspace/recipes/vendor/laravel/framework/src/Illuminate/Cookie/Middleware/EncryptCookies.php:59
[30-Mar-2016 15:25:33 UTC] PHP  25. call_user_func:{/home/ubuntu/workspace/recipes/vendor/laravel/framework/src/Illuminate/Routing/Pipeline.php:32}() /home/ubuntu/workspace/recipes/vendor/laravel/framework/src/Illuminate/Routing/Pipeline.php:32
[30-Mar-2016 15:25:33 UTC] PHP  26. Illuminate\Pipeline\Pipeline->Illuminate\Pipeline\{closure}() /home/ubuntu/workspace/recipes/vendor/laravel/framework/src/Illuminate/Routing/Pipeline.php:32
[30-Mar-2016 15:25:33 UTC] PHP  27. call_user_func_array:{/home/ubuntu/workspace/recipes/vendor/laravel/framework/src/Illuminate/Pipeline/Pipeline.php:124}() /home/ubuntu/workspace/recipes/vendor/laravel/framework/src/Illuminate/Pipeline/Pipeline.php:124
[30-Mar-2016 15:25:33 UTC] PHP  28. Illuminate\Cookie\Middleware\AddQueuedCookiesToResponse->handle() /home/ubuntu/workspace/recipes/vendor/laravel/framework/src/Illuminate/Pipeline/Pipeline.php:124
[30-Mar-2016 15:25:33 UTC] PHP  29. Illuminate\Routing\Pipeline->Illuminate\Routing\{closure}() /home/ubuntu/workspace/recipes/vendor/laravel/framework/src/Illuminate/Cookie/Middleware/AddQueuedCookiesToResponse.php:37
[30-Mar-2016 15:25:33 UTC] PHP  30. call_user_func:{/home/ubuntu/workspace/recipes/vendor/laravel/framework/src/Illuminate/Routing/Pipeline.php:32}() /home/ubuntu/workspace/recipes/vendor/laravel/framework/src/Illuminate/Routing/Pipeline.php:32
[30-Mar-2016 15:25:33 UTC] PHP  31. Illuminate\Pipeline\Pipeline->Illuminate\Pipeline\{closure}() /home/ubuntu/workspace/recipes/vendor/laravel/framework/src/Illuminate/Routing/Pipeline.php:32
[30-Mar-2016 15:25:33 UTC] PHP  32. call_user_func_array:{/home/ubuntu/workspace/recipes/vendor/laravel/framework/src/Illuminate/Pipeline/Pipeline.php:124}() /home/ubuntu/workspace/recipes/vendor/laravel/framework/src/Illuminate/Pipeline/Pipeline.php:124
[30-Mar-2016 15:25:33 UTC] PHP  33. Illuminate\Session\Middleware\StartSession->handle() /home/ubuntu/workspace/recipes/vendor/laravel/framework/src/Illuminate/Pipeline/Pipeline.php:124
[30-Mar-2016 15:25:33 UTC] PHP  34. Illuminate\Routing\Pipeline->Illuminate\Routing\{closure}() /home/ubuntu/workspace/recipes/vendor/laravel/framework/src/Illuminate/Session/Middleware/StartSession.php:62
[30-Mar-2016 15:25:33 UTC] PHP  35. call_user_func:{/home/ubuntu/workspace/recipes/vendor/laravel/framework/src/Illuminate/Routing/Pipeline.php:32}() /home/ubuntu/workspace/recipes/vendor/laravel/framework/src/Illuminate/Routing/Pipeline.php:32
[30-Mar-2016 15:25:33 UTC] PHP  36. Illuminate\Pipeline\Pipeline->Illuminate\Pipeline\{closure}() /home/ubuntu/workspace/recipes/vendor/laravel/framework/src/Illuminate/Routing/Pipeline.php:32
[30-Mar-2016 15:25:33 UTC] PHP  37. call_user_func_array:{/home/ubuntu/workspace/recipes/vendor/laravel/framework/src/Illuminate/Pipeline/Pipeline.php:124}() /home/ubuntu/workspace/recipes/vendor/laravel/framework/src/Illuminate/Pipeline/Pipeline.php:124
[30-Mar-2016 15:25:33 UTC] PHP  38. Illuminate\View\Middleware\ShareErrorsFromSession->handle() /home/ubuntu/workspace/recipes/vendor/laravel/framework/src/Illuminate/Pipeline/Pipeline.php:124
[30-Mar-2016 15:25:33 UTC] PHP  39. Illuminate\Routing\Pipeline->Illuminate\Routing\{closure}() /home/ubuntu/workspace/recipes/vendor/laravel/framework/src/Illuminate/View/Middleware/ShareErrorsFromSession.php:49
[30-Mar-2016 15:25:33 UTC] PHP  40. call_user_func:{/home/ubuntu/workspace/recipes/vendor/laravel/framework/src/Illuminate/Routing/Pipeline.php:32}() /home/ubuntu/workspace/recipes/vendor/laravel/framework/src/Illuminate/Routing/Pipeline.php:32
[30-Mar-2016 15:25:33 UTC] PHP  41. Illuminate\Pipeline\Pipeline->Illuminate\Pipeline\{closure}() /home/ubuntu/workspace/recipes/vendor/laravel/framework/src/Illuminate/Routing/Pipeline.php:32
[30-Mar-2016 15:25:33 UTC] PHP  42. call_user_func_array:{/home/ubuntu/workspace/recipes/vendor/laravel/framework/src/Illuminate/Pipeline/Pipeline.php:124}() /home/ubuntu/workspace/recipes/vendor/laravel/framework/src/Illuminate/Pipeline/Pipeline.php:124
[30-Mar-2016 15:25:33 UTC] PHP  43. Illuminate\Foundation\Http\Middleware\VerifyCsrfToken->handle() /home/ubuntu/workspace/recipes/vendor/laravel/framework/src/Illuminate/Pipeline/Pipeline.php:124
[30-Mar-2016 15:25:33 UTC] PHP  44. Illuminate\Routing\Pipeline->Illuminate\Routing\{closure}() /home/ubuntu/workspace/recipes/vendor/laravel/framework/src/Illuminate/Foundation/Http/Middleware/VerifyCsrfToken.php:64
[30-Mar-2016 15:25:33 UTC] PHP  45. call_user_func:{/home/ubuntu/workspace/recipes/vendor/laravel/framework/src/Illuminate/Routing/Pipeline.php:52}() /home/ubuntu/workspace/recipes/vendor/laravel/framework/src/Illuminate/Routing/Pipeline.php:52
[30-Mar-2016 15:25:33 UTC] PHP  46. Illuminate\Routing\Router->Illuminate\Routing\{closure}() /home/ubuntu/workspace/recipes/vendor/laravel/framework/src/Illuminate/Routing/Pipeline.php:52
[30-Mar-2016 15:25:33 UTC] PHP  47. Illuminate\Routing\Route->run() /home/ubuntu/workspace/recipes/vendor/laravel/framework/src/Illuminate/Routing/Router.php:703
[30-Mar-2016 15:25:33 UTC] PHP  48. Illuminate\Routing\Route->runController() /home/ubuntu/workspace/recipes/vendor/laravel/framework/src/Illuminate/Routing/Route.php:140
[30-Mar-2016 15:25:33 UTC] PHP  49. Illuminate\Routing\ControllerDispatcher->dispatch() /home/ubuntu/workspace/recipes/vendor/laravel/framework/src/Illuminate/Routing/Route.php:174
[30-Mar-2016 15:25:33 UTC] PHP  50. Illuminate\Routing\ControllerDispatcher->callWithinStack() /home/ubuntu/workspace/recipes/vendor/laravel/framework/src/Illuminate/Routing/ControllerDispatcher.php:54
[30-Mar-2016 15:25:33 UTC] PHP  51. Illuminate\Pipeline\Pipeline->then() /home/ubuntu/workspace/recipes/vendor/laravel/framework/src/Illuminate/Routing/ControllerDispatcher.php:96
[30-Mar-2016 15:25:33 UTC] PHP  52. call_user_func:{/home/ubuntu/workspace/recipes/vendor/laravel/framework/src/Illuminate/Pipeline/Pipeline.php:103}() /home/ubuntu/workspace/recipes/vendor/laravel/framework/src/Illuminate/Pipeline/Pipeline.php:103
[30-Mar-2016 15:25:33 UTC] PHP  53. Illuminate\Routing\Pipeline->Illuminate\Routing\{closure}() /home/ubuntu/workspace/recipes/vendor/laravel/framework/src/Illuminate/Pipeline/Pipeline.php:103
[30-Mar-2016 15:25:33 UTC] PHP  54. call_user_func:{/home/ubuntu/workspace/recipes/vendor/laravel/framework/src/Illuminate/Routing/Pipeline.php:52}() /home/ubuntu/workspace/recipes/vendor/laravel/framework/src/Illuminate/Routing/Pipeline.php:52
[30-Mar-2016 15:25:33 UTC] PHP  55. Illuminate\Routing\ControllerDispatcher->Illuminate\Routing\{closure}() /home/ubuntu/workspace/recipes/vendor/laravel/framework/src/Illuminate/Routing/Pipeline.php:52
[30-Mar-2016 15:25:33 UTC] PHP  56. Illuminate\Routing\ControllerDispatcher->call() /home/ubuntu/workspace/recipes/vendor/laravel/framework/src/Illuminate/Routing/ControllerDispatcher.php:94
[30-Mar-2016 15:25:33 UTC] PHP  57. Illuminate\Routing\Controller->callAction() /home/ubuntu/workspace/recipes/vendor/laravel/framework/src/Illuminate/Routing/ControllerDispatcher.php:146
[30-Mar-2016 15:25:33 UTC] PHP  58. call_user_func_array:{/home/ubuntu/workspace/recipes/vendor/laravel/framework/src/Illuminate/Routing/Controller.php:76}() /home/ubuntu/workspace/recipes/vendor/laravel/framework/src/Illuminate/Routing/Controller.php:76
[30-Mar-2016 15:25:33 UTC] PHP  59. App\Http\Controllers\ControllerRicette->showList() /home/ubuntu/workspace/recipes/vendor/laravel/framework/src/Illuminate/Routing/Controller.php:76
[30-Mar-2016 15:27:38 UTC] PHP Fatal error:  Class 'Recipe' not found in /home/ubuntu/workspace/recipes/app/Http/Controllers/ControllerRicette.php on line 15
[30-Mar-2016 15:27:38 UTC] PHP Stack trace:
[30-Mar-2016 15:27:38 UTC] PHP   1. {main}() /home/ubuntu/workspace/recipes/public/index.php:0
[30-Mar-2016 15:27:38 UTC] PHP   2. Illuminate\Foundation\Http\Kernel->handle() /home/ubuntu/workspace/recipes/public/index.php:54
[30-Mar-2016 15:27:38 UTC] PHP   3. Illuminate\Foundation\Http\Kernel->sendRequestThroughRouter() /home/ubuntu/workspace/recipes/vendor/laravel/framework/src/Illuminate/Foundation/Http/Kernel.php:99
[30-Mar-2016 15:27:38 UTC] PHP   4. Illuminate\Pipeline\Pipeline->then() /home/ubuntu/workspace/recipes/vendor/laravel/framework/src/Illuminate/Foundation/Http/Kernel.php:132
[30-Mar-2016 15:27:38 UTC] PHP   5. call_user_func:{/home/ubuntu/workspace/recipes/vendor/laravel/framework/src/Illuminate/Pipeline/Pipeline.php:103}() /home/ubuntu/workspace/recipes/vendor/laravel/framework/src/Illuminate/Pipeline/Pipeline.php:103
[30-Mar-2016 15:27:38 UTC] PHP   6. Illuminate\Routing\Pipeline->Illuminate\Routing\{closure}() /home/ubuntu/workspace/recipes/vendor/laravel/framework/src/Illuminate/Pipeline/Pipeline.php:103
[30-Mar-2016 15:27:38 UTC] PHP   7. call_user_func:{/home/ubuntu/workspace/recipes/vendor/laravel/framework/src/Illuminate/Routing/Pipeline.php:32}() /home/ubuntu/workspace/recipes/vendor/laravel/framework/src/Illuminate/Routing/Pipeline.php:32
[30-Mar-2016 15:27:38 UTC] PHP   8. Illuminate\Pipeline\Pipeline->Illuminate\Pipeline\{closure}() /home/ubuntu/workspace/recipes/vendor/laravel/framework/src/Illuminate/Routing/Pipeline.php:32
[30-Mar-2016 15:27:38 UTC] PHP   9. call_user_func_array:{/home/ubuntu/workspace/recipes/vendor/laravel/framework/src/Illuminate/Pipeline/Pipeline.php:124}() /home/ubuntu/workspace/recipes/vendor/laravel/framework/src/Illuminate/Pipeline/Pipeline.php:124
[30-Mar-2016 15:27:38 UTC] PHP  10. Illuminate\Foundation\Http\Middleware\CheckForMaintenanceMode->handle() /home/ubuntu/workspace/recipes/vendor/laravel/framework/src/Illuminate/Pipeline/Pipeline.php:124
[30-Mar-2016 15:27:38 UTC] PHP  11. Illuminate\Routing\Pipeline->Illuminate\Routing\{closure}() /home/ubuntu/workspace/recipes/vendor/laravel/framework/src/Illuminate/Foundation/Http/Middleware/CheckForMaintenanceMode.php:44
[30-Mar-2016 15:27:38 UTC] PHP  12. call_user_func:{/home/ubuntu/workspace/recipes/vendor/laravel/framework/src/Illuminate/Routing/Pipeline.php:52}() /home/ubuntu/workspace/recipes/vendor/laravel/framework/src/Illuminate/Routing/Pipeline.php:52
[30-Mar-2016 15:27:38 UTC] PHP  13. Illuminate\Foundation\Http\Kernel->Illuminate\Foundation\Http\{closure}() /home/ubuntu/workspace/recipes/vendor/laravel/framework/src/Illuminate/Routing/Pipeline.php:52
[30-Mar-2016 15:27:38 UTC] PHP  14. Illuminate\Routing\Router->dispatch() /home/ubuntu/workspace/recipes/vendor/laravel/framework/src/Illuminate/Foundation/Http/Kernel.php:282
[30-Mar-2016 15:27:38 UTC] PHP  15. Illuminate\Routing\Router->dispatchToRoute() /home/ubuntu/workspace/recipes/vendor/laravel/framework/src/Illuminate/Routing/Router.php:654
[30-Mar-2016 15:27:38 UTC] PHP  16. Illuminate\Routing\Router->runRouteWithinStack() /home/ubuntu/workspace/recipes/vendor/laravel/framework/src/Illuminate/Routing/Router.php:678
[30-Mar-2016 15:27:38 UTC] PHP  17. Illuminate\Pipeline\Pipeline->then() /home/ubuntu/workspace/recipes/vendor/laravel/framework/src/Illuminate/Routing/Router.php:705
[30-Mar-2016 15:27:38 UTC] PHP  18. call_user_func:{/home/ubuntu/workspace/recipes/vendor/laravel/framework/src/Illuminate/Pipeline/Pipeline.php:103}() /home/ubuntu/workspace/recipes/vendor/laravel/framework/src/Illuminate/Pipeline/Pipeline.php:103
[30-Mar-2016 15:27:38 UTC] PHP  19. Illuminate\Routing\Pipeline->Illuminate\Routing\{closure}() /home/ubuntu/workspace/recipes/vendor/laravel/framework/src/Illuminate/Pipeline/Pipeline.php:103
[30-Mar-2016 15:27:38 UTC] PHP  20. call_user_func:{/home/ubuntu/workspace/recipes/vendor/laravel/framework/src/Illuminate/Routing/Pipeline.php:32}() /home/ubuntu/workspace/recipes/vendor/laravel/framework/src/Illuminate/Routing/Pipeline.php:32
[30-Mar-2016 15:27:38 UTC] PHP  21. Illuminate\Pipeline\Pipeline->Illuminate\Pipeline\{closure}() /home/ubuntu/workspace/recipes/vendor/laravel/framework/src/Illuminate/Routing/Pipeline.php:32
[30-Mar-2016 15:27:38 UTC] PHP  22. call_user_func_array:{/home/ubuntu/workspace/recipes/vendor/laravel/framework/src/Illuminate/Pipeline/Pipeline.php:124}() /home/ubuntu/workspace/recipes/vendor/laravel/framework/src/Illuminate/Pipeline/Pipeline.php:124
[30-Mar-2016 15:27:38 UTC] PHP  23. Illuminate\Cookie\Middleware\EncryptCookies->handle() /home/ubuntu/workspace/recipes/vendor/laravel/framework/src/Illuminate/Pipeline/Pipeline.php:124
[30-Mar-2016 15:27:38 UTC] PHP  24. Illuminate\Routing\Pipeline->Illuminate\Routing\{closure}() /home/ubuntu/workspace/recipes/vendor/laravel/framework/src/Illuminate/Cookie/Middleware/EncryptCookies.php:59
[30-Mar-2016 15:27:38 UTC] PHP  25. call_user_func:{/home/ubuntu/workspace/recipes/vendor/laravel/framework/src/Illuminate/Routing/Pipeline.php:32}() /home/ubuntu/workspace/recipes/vendor/laravel/framework/src/Illuminate/Routing/Pipeline.php:32
[30-Mar-2016 15:27:38 UTC] PHP  26. Illuminate\Pipeline\Pipeline->Illuminate\Pipeline\{closure}() /home/ubuntu/workspace/recipes/vendor/laravel/framework/src/Illuminate/Routing/Pipeline.php:32
[30-Mar-2016 15:27:38 UTC] PHP  27. call_user_func_array:{/home/ubuntu/workspace/recipes/vendor/laravel/framework/src/Illuminate/Pipeline/Pipeline.php:124}() /home/ubuntu/workspace/recipes/vendor/laravel/framework/src/Illuminate/Pipeline/Pipeline.php:124
[30-Mar-2016 15:27:38 UTC] PHP  28. Illuminate\Cookie\Middleware\AddQueuedCookiesToResponse->handle() /home/ubuntu/workspace/recipes/vendor/laravel/framework/src/Illuminate/Pipeline/Pipeline.php:124
[30-Mar-2016 15:27:38 UTC] PHP  29. Illuminate\Routing\Pipeline->Illuminate\Routing\{closure}() /home/ubuntu/workspace/recipes/vendor/laravel/framework/src/Illuminate/Cookie/Middleware/AddQueuedCookiesToResponse.php:37
[30-Mar-2016 15:27:38 UTC] PHP  30. call_user_func:{/home/ubuntu/workspace/recipes/vendor/laravel/framework/src/Illuminate/Routing/Pipeline.php:32}() /home/ubuntu/workspace/recipes/vendor/laravel/framework/src/Illuminate/Routing/Pipeline.php:32
[30-Mar-2016 15:27:38 UTC] PHP  31. Illuminate\Pipeline\Pipeline->Illuminate\Pipeline\{closure}() /home/ubuntu/workspace/recipes/vendor/laravel/framework/src/Illuminate/Routing/Pipeline.php:32
[30-Mar-2016 15:27:38 UTC] PHP  32. call_user_func_array:{/home/ubuntu/workspace/recipes/vendor/laravel/framework/src/Illuminate/Pipeline/Pipeline.php:124}() /home/ubuntu/workspace/recipes/vendor/laravel/framework/src/Illuminate/Pipeline/Pipeline.php:124
[30-Mar-2016 15:27:38 UTC] PHP  33. Illuminate\Session\Middleware\StartSession->handle() /home/ubuntu/workspace/recipes/vendor/laravel/framework/src/Illuminate/Pipeline/Pipeline.php:124
[30-Mar-2016 15:27:38 UTC] PHP  34. Illuminate\Routing\Pipeline->Illuminate\Routing\{closure}() /home/ubuntu/workspace/recipes/vendor/laravel/framework/src/Illuminate/Session/Middleware/StartSession.php:62
[30-Mar-2016 15:27:38 UTC] PHP  35. call_user_func:{/home/ubuntu/workspace/recipes/vendor/laravel/framework/src/Illuminate/Routing/Pipeline.php:32}() /home/ubuntu/workspace/recipes/vendor/laravel/framework/src/Illuminate/Routing/Pipeline.php:32
[30-Mar-2016 15:27:38 UTC] PHP  36. Illuminate\Pipeline\Pipeline->Illuminate\Pipeline\{closure}() /home/ubuntu/workspace/recipes/vendor/laravel/framework/src/Illuminate/Routing/Pipeline.php:32
[30-Mar-2016 15:27:38 UTC] PHP  37. call_user_func_array:{/home/ubuntu/workspace/recipes/vendor/laravel/framework/src/Illuminate/Pipeline/Pipeline.php:124}() /home/ubuntu/workspace/recipes/vendor/laravel/framework/src/Illuminate/Pipeline/Pipeline.php:124
[30-Mar-2016 15:27:38 UTC] PHP  38. Illuminate\View\Middleware\ShareErrorsFromSession->handle() /home/ubuntu/workspace/recipes/vendor/laravel/framework/src/Illuminate/Pipeline/Pipeline.php:124
[30-Mar-2016 15:27:38 UTC] PHP  39. Illuminate\Routing\Pipeline->Illuminate\Routing\{closure}() /home/ubuntu/workspace/recipes/vendor/laravel/framework/src/Illuminate/View/Middleware/ShareErrorsFromSession.php:49
[30-Mar-2016 15:27:38 UTC] PHP  40. call_user_func:{/home/ubuntu/workspace/recipes/vendor/laravel/framework/src/Illuminate/Routing/Pipeline.php:32}() /home/ubuntu/workspace/recipes/vendor/laravel/framework/src/Illuminate/Routing/Pipeline.php:32
[30-Mar-2016 15:27:38 UTC] PHP  41. Illuminate\Pipeline\Pipeline->Illuminate\Pipeline\{closure}() /home/ubuntu/workspace/recipes/vendor/laravel/framework/src/Illuminate/Routing/Pipeline.php:32
[30-Mar-2016 15:27:38 UTC] PHP  42. call_user_func_array:{/home/ubuntu/workspace/recipes/vendor/laravel/framework/src/Illuminate/Pipeline/Pipeline.php:124}() /home/ubuntu/workspace/recipes/vendor/laravel/framework/src/Illuminate/Pipeline/Pipeline.php:124
[30-Mar-2016 15:27:38 UTC] PHP  43. Illuminate\Foundation\Http\Middleware\VerifyCsrfToken->handle() /home/ubuntu/workspace/recipes/vendor/laravel/framework/src/Illuminate/Pipeline/Pipeline.php:124
[30-Mar-2016 15:27:38 UTC] PHP  44. Illuminate\Routing\Pipeline->Illuminate\Routing\{closure}() /home/ubuntu/workspace/recipes/vendor/laravel/framework/src/Illuminate/Foundation/Http/Middleware/VerifyCsrfToken.php:64
[30-Mar-2016 15:27:38 UTC] PHP  45. call_user_func:{/home/ubuntu/workspace/recipes/vendor/laravel/framework/src/Illuminate/Routing/Pipeline.php:52}() /home/ubuntu/workspace/recipes/vendor/laravel/framework/src/Illuminate/Routing/Pipeline.php:52
[30-Mar-2016 15:27:38 UTC] PHP  46. Illuminate\Routing\Router->Illuminate\Routing\{closure}() /home/ubuntu/workspace/recipes/vendor/laravel/framework/src/Illuminate/Routing/Pipeline.php:52
[30-Mar-2016 15:27:38 UTC] PHP  47. Illuminate\Routing\Route->run() /home/ubuntu/workspace/recipes/vendor/laravel/framework/src/Illuminate/Routing/Router.php:703
[30-Mar-2016 15:27:38 UTC] PHP  48. Illuminate\Routing\Route->runController() /home/ubuntu/workspace/recipes/vendor/laravel/framework/src/Illuminate/Routing/Route.php:140
[30-Mar-2016 15:27:38 UTC] PHP  49. Illuminate\Routing\ControllerDispatcher->dispatch() /home/ubuntu/workspace/recipes/vendor/laravel/framework/src/Illuminate/Routing/Route.php:174
[30-Mar-2016 15:27:38 UTC] PHP  50. Illuminate\Routing\ControllerDispatcher->callWithinStack() /home/ubuntu/workspace/recipes/vendor/laravel/framework/src/Illuminate/Routing/ControllerDispatcher.php:54
[30-Mar-2016 15:27:38 UTC] PHP  51. Illuminate\Pipeline\Pipeline->then() /home/ubuntu/workspace/recipes/vendor/laravel/framework/src/Illuminate/Routing/ControllerDispatcher.php:96
[30-Mar-2016 15:27:38 UTC] PHP  52. call_user_func:{/home/ubuntu/workspace/recipes/vendor/laravel/framework/src/Illuminate/Pipeline/Pipeline.php:103}() /home/ubuntu/workspace/recipes/vendor/laravel/framework/src/Illuminate/Pipeline/Pipeline.php:103
[30-Mar-2016 15:27:38 UTC] PHP  53. Illuminate\Routing\Pipeline->Illuminate\Routing\{closure}() /home/ubuntu/workspace/recipes/vendor/laravel/framework/src/Illuminate/Pipeline/Pipeline.php:103
[30-Mar-2016 15:27:38 UTC] PHP  54. call_user_func:{/home/ubuntu/workspace/recipes/vendor/laravel/framework/src/Illuminate/Routing/Pipeline.php:52}() /home/ubuntu/workspace/recipes/vendor/laravel/framework/src/Illuminate/Routing/Pipeline.php:52
[30-Mar-2016 15:27:38 UTC] PHP  55. Illuminate\Routing\ControllerDispatcher->Illuminate\Routing\{closure}() /home/ubuntu/workspace/recipes/vendor/laravel/framework/src/Illuminate/Routing/Pipeline.php:52
[30-Mar-2016 15:27:38 UTC] PHP  56. Illuminate\Routing\ControllerDispatcher->call() /home/ubuntu/workspace/recipes/vendor/laravel/framework/src/Illuminate/Routing/ControllerDispatcher.php:94
[30-Mar-2016 15:27:38 UTC] PHP  57. Illuminate\Routing\Controller->callAction() /home/ubuntu/workspace/recipes/vendor/laravel/framework/src/Illuminate/Routing/ControllerDispatcher.php:146
[30-Mar-2016 15:27:38 UTC] PHP  58. call_user_func_array:{/home/ubuntu/workspace/recipes/vendor/laravel/framework/src/Illuminate/Routing/Controller.php:76}() /home/ubuntu/workspace/recipes/vendor/laravel/framework/src/Illuminate/Routing/Controller.php:76
[30-Mar-2016 15:27:38 UTC] PHP  59. App\Http\Controllers\ControllerRicette->showList() /home/ubuntu/workspace/recipes/vendor/laravel/framework/src/Illuminate/Routing/Controller.php:76
[30-Mar-2016 15:58:37 UTC] PHP Fatal error:  Class 'Form' not found in /home/ubuntu/workspace/recipes/storage/framework/views/96909d66bf308832ea2eda8531e404f10fa18993.php on line 3
[30-Mar-2016 15:58:37 UTC] PHP Stack trace:
[30-Mar-2016 15:58:37 UTC] PHP   1. {main}() /home/ubuntu/workspace/recipes/public/index.php:0
[30-Mar-2016 15:58:37 UTC] PHP   2. Illuminate\Foundation\Http\Kernel->handle() /home/ubuntu/workspace/recipes/public/index.php:54
[30-Mar-2016 15:58:37 UTC] PHP   3. Illuminate\Foundation\Http\Kernel->sendRequestThroughRouter() /home/ubuntu/workspace/recipes/vendor/laravel/framework/src/Illuminate/Foundation/Http/Kernel.php:99
[30-Mar-2016 15:58:37 UTC] PHP   4. Illuminate\Pipeline\Pipeline->then() /home/ubuntu/workspace/recipes/vendor/laravel/framework/src/Illuminate/Foundation/Http/Kernel.php:132
[30-Mar-2016 15:58:37 UTC] PHP   5. call_user_func:{/home/ubuntu/workspace/recipes/vendor/laravel/framework/src/Illuminate/Pipeline/Pipeline.php:103}() /home/ubuntu/workspace/recipes/vendor/laravel/framework/src/Illuminate/Pipeline/Pipeline.php:103
[30-Mar-2016 15:58:37 UTC] PHP   6. Illuminate\Routing\Pipeline->Illuminate\Routing\{closure}() /home/ubuntu/workspace/recipes/vendor/laravel/framework/src/Illuminate/Pipeline/Pipeline.php:103
[30-Mar-2016 15:58:37 UTC] PHP   7. call_user_func:{/home/ubuntu/workspace/recipes/vendor/laravel/framework/src/Illuminate/Routing/Pipeline.php:32}() /home/ubuntu/workspace/recipes/vendor/laravel/framework/src/Illuminate/Routing/Pipeline.php:32
[30-Mar-2016 15:58:37 UTC] PHP   8. Illuminate\Pipeline\Pipeline->Illuminate\Pipeline\{closure}() /home/ubuntu/workspace/recipes/vendor/laravel/framework/src/Illuminate/Routing/Pipeline.php:32
[30-Mar-2016 15:58:37 UTC] PHP   9. call_user_func_array:{/home/ubuntu/workspace/recipes/vendor/laravel/framework/src/Illuminate/Pipeline/Pipeline.php:124}() /home/ubuntu/workspace/recipes/vendor/laravel/framework/src/Illuminate/Pipeline/Pipeline.php:124
[30-Mar-2016 15:58:37 UTC] PHP  10. Illuminate\Foundation\Http\Middleware\CheckForMaintenanceMode->handle() /home/ubuntu/workspace/recipes/vendor/laravel/framework/src/Illuminate/Pipeline/Pipeline.php:124
[30-Mar-2016 15:58:37 UTC] PHP  11. Illuminate\Routing\Pipeline->Illuminate\Routing\{closure}() /home/ubuntu/workspace/recipes/vendor/laravel/framework/src/Illuminate/Foundation/Http/Middleware/CheckForMaintenanceMode.php:44
[30-Mar-2016 15:58:37 UTC] PHP  12. call_user_func:{/home/ubuntu/workspace/recipes/vendor/laravel/framework/src/Illuminate/Routing/Pipeline.php:52}() /home/ubuntu/workspace/recipes/vendor/laravel/framework/src/Illuminate/Routing/Pipeline.php:52
[30-Mar-2016 15:58:37 UTC] PHP  13. Illuminate\Foundation\Http\Kernel->Illuminate\Foundation\Http\{closure}() /home/ubuntu/workspace/recipes/vendor/laravel/framework/src/Illuminate/Routing/Pipeline.php:52
[30-Mar-2016 15:58:37 UTC] PHP  14. Illuminate\Routing\Router->dispatch() /home/ubuntu/workspace/recipes/vendor/laravel/framework/src/Illuminate/Foundation/Http/Kernel.php:282
[30-Mar-2016 15:58:37 UTC] PHP  15. Illuminate\Routing\Router->dispatchToRoute() /home/ubuntu/workspace/recipes/vendor/laravel/framework/src/Illuminate/Routing/Router.php:654
[30-Mar-2016 15:58:37 UTC] PHP  16. Illuminate\Routing\Router->runRouteWithinStack() /home/ubuntu/workspace/recipes/vendor/laravel/framework/src/Illuminate/Routing/Router.php:678
[30-Mar-2016 15:58:37 UTC] PHP  17. Illuminate\Pipeline\Pipeline->then() /home/ubuntu/workspace/recipes/vendor/laravel/framework/src/Illuminate/Routing/Router.php:705
[30-Mar-2016 15:58:37 UTC] PHP  18. call_user_func:{/home/ubuntu/workspace/recipes/vendor/laravel/framework/src/Illuminate/Pipeline/Pipeline.php:103}() /home/ubuntu/workspace/recipes/vendor/laravel/framework/src/Illuminate/Pipeline/Pipeline.php:103
[30-Mar-2016 15:58:37 UTC] PHP  19. Illuminate\Routing\Pipeline->Illuminate\Routing\{closure}() /home/ubuntu/workspace/recipes/vendor/laravel/framework/src/Illuminate/Pipeline/Pipeline.php:103
[30-Mar-2016 15:58:37 UTC] PHP  20. call_user_func:{/home/ubuntu/workspace/recipes/vendor/laravel/framework/src/Illuminate/Routing/Pipeline.php:32}() /home/ubuntu/workspace/recipes/vendor/laravel/framework/src/Illuminate/Routing/Pipeline.php:32
[30-Mar-2016 15:58:37 UTC] PHP  21. Illuminate\Pipeline\Pipeline->Illuminate\Pipeline\{closure}() /home/ubuntu/workspace/recipes/vendor/laravel/framework/src/Illuminate/Routing/Pipeline.php:32
[30-Mar-2016 15:58:37 UTC] PHP  22. call_user_func_array:{/home/ubuntu/workspace/recipes/vendor/laravel/framework/src/Illuminate/Pipeline/Pipeline.php:124}() /home/ubuntu/workspace/recipes/vendor/laravel/framework/src/Illuminate/Pipeline/Pipeline.php:124
[30-Mar-2016 15:58:37 UTC] PHP  23. Illuminate\Cookie\Middleware\EncryptCookies->handle() /home/ubuntu/workspace/recipes/vendor/laravel/framework/src/Illuminate/Pipeline/Pipeline.php:124
[30-Mar-2016 15:58:37 UTC] PHP  24. Illuminate\Routing\Pipeline->Illuminate\Routing\{closure}() /home/ubuntu/workspace/recipes/vendor/laravel/framework/src/Illuminate/Cookie/Middleware/EncryptCookies.php:59
[30-Mar-2016 15:58:37 UTC] PHP  25. call_user_func:{/home/ubuntu/workspace/recipes/vendor/laravel/framework/src/Illuminate/Routing/Pipeline.php:32}() /home/ubuntu/workspace/recipes/vendor/laravel/framework/src/Illuminate/Routing/Pipeline.php:32
[30-Mar-2016 15:58:37 UTC] PHP  26. Illuminate\Pipeline\Pipeline->Illuminate\Pipeline\{closure}() /home/ubuntu/workspace/recipes/vendor/laravel/framework/src/Illuminate/Routing/Pipeline.php:32
[30-Mar-2016 15:58:37 UTC] PHP  27. call_user_func_array:{/home/ubuntu/workspace/recipes/vendor/laravel/framework/src/Illuminate/Pipeline/Pipeline.php:124}() /home/ubuntu/workspace/recipes/vendor/laravel/framework/src/Illuminate/Pipeline/Pipeline.php:124
[30-Mar-2016 15:58:37 UTC] PHP  28. Illuminate\Cookie\Middleware\AddQueuedCookiesToResponse->handle() /home/ubuntu/workspace/recipes/vendor/laravel/framework/src/Illuminate/Pipeline/Pipeline.php:124
[30-Mar-2016 15:58:37 UTC] PHP  29. Illuminate\Routing\Pipeline->Illuminate\Routing\{closure}() /home/ubuntu/workspace/recipes/vendor/laravel/framework/src/Illuminate/Cookie/Middleware/AddQueuedCookiesToResponse.php:37
[30-Mar-2016 15:58:37 UTC] PHP  30. call_user_func:{/home/ubuntu/workspace/recipes/vendor/laravel/framework/src/Illuminate/Routing/Pipeline.php:32}() /home/ubuntu/workspace/recipes/vendor/laravel/framework/src/Illuminate/Routing/Pipeline.php:32
[30-Mar-2016 15:58:37 UTC] PHP  31. Illuminate\Pipeline\Pipeline->Illuminate\Pipeline\{closure}() /home/ubuntu/workspace/recipes/vendor/laravel/framework/src/Illuminate/Routing/Pipeline.php:32
[30-Mar-2016 15:58:37 UTC] PHP  32. call_user_func_array:{/home/ubuntu/workspace/recipes/vendor/laravel/framework/src/Illuminate/Pipeline/Pipeline.php:124}() /home/ubuntu/workspace/recipes/vendor/laravel/framework/src/Illuminate/Pipeline/Pipeline.php:124
[30-Mar-2016 15:58:37 UTC] PHP  33. Illuminate\Session\Middleware\StartSession->handle() /home/ubuntu/workspace/recipes/vendor/laravel/framework/src/Illuminate/Pipeline/Pipeline.php:124
[30-Mar-2016 15:58:37 UTC] PHP  34. Illuminate\Routing\Pipeline->Illuminate\Routing\{closure}() /home/ubuntu/workspace/recipes/vendor/laravel/framework/src/Illuminate/Session/Middleware/StartSession.php:62
[30-Mar-2016 15:58:37 UTC] PHP  35. call_user_func:{/home/ubuntu/workspace/recipes/vendor/laravel/framework/src/Illuminate/Routing/Pipeline.php:32}() /home/ubuntu/workspace/recipes/vendor/laravel/framework/src/Illuminate/Routing/Pipeline.php:32
[30-Mar-2016 15:58:37 UTC] PHP  36. Illuminate\Pipeline\Pipeline->Illuminate\Pipeline\{closure}() /home/ubuntu/workspace/recipes/vendor/laravel/framework/src/Illuminate/Routing/Pipeline.php:32
[30-Mar-2016 15:58:37 UTC] PHP  37. call_user_func_array:{/home/ubuntu/workspace/recipes/vendor/laravel/framework/src/Illuminate/Pipeline/Pipeline.php:124}() /home/ubuntu/workspace/recipes/vendor/laravel/framework/src/Illuminate/Pipeline/Pipeline.php:124
[30-Mar-2016 15:58:37 UTC] PHP  38. Illuminate\View\Middleware\ShareErrorsFromSession->handle() /home/ubuntu/workspace/recipes/vendor/laravel/framework/src/Illuminate/Pipeline/Pipeline.php:124
[30-Mar-2016 15:58:37 UTC] PHP  39. Illuminate\Routing\Pipeline->Illuminate\Routing\{closure}() /home/ubuntu/workspace/recipes/vendor/laravel/framework/src/Illuminate/View/Middleware/ShareErrorsFromSession.php:49
[30-Mar-2016 15:58:37 UTC] PHP  40. call_user_func:{/home/ubuntu/workspace/recipes/vendor/laravel/framework/src/Illuminate/Routing/Pipeline.php:32}() /home/ubuntu/workspace/recipes/vendor/laravel/framework/src/Illuminate/Routing/Pipeline.php:32
[30-Mar-2016 15:58:37 UTC] PHP  41. Illuminate\Pipeline\Pipeline->Illuminate\Pipeline\{closure}() /home/ubuntu/workspace/recipes/vendor/laravel/framework/src/Illuminate/Routing/Pipeline.php:32
[30-Mar-2016 15:58:37 UTC] PHP  42. call_user_func_array:{/home/ubuntu/workspace/recipes/vendor/laravel/framework/src/Illuminate/Pipeline/Pipeline.php:124}() /home/ubuntu/workspace/recipes/vendor/laravel/framework/src/Illuminate/Pipeline/Pipeline.php:124
[30-Mar-2016 15:58:37 UTC] PHP  43. Illuminate\Foundation\Http\Middleware\VerifyCsrfToken->handle() /home/ubuntu/workspace/recipes/vendor/laravel/framework/src/Illuminate/Pipeline/Pipeline.php:124
[30-Mar-2016 15:58:37 UTC] PHP  44. Illuminate\Routing\Pipeline->Illuminate\Routing\{closure}() /home/ubuntu/workspace/recipes/vendor/laravel/framework/src/Illuminate/Foundation/Http/Middleware/VerifyCsrfToken.php:64
[30-Mar-2016 15:58:37 UTC] PHP  45. call_user_func:{/home/ubuntu/workspace/recipes/vendor/laravel/framework/src/Illuminate/Routing/Pipeline.php:52}() /home/ubuntu/workspace/recipes/vendor/laravel/framework/src/Illuminate/Routing/Pipeline.php:52
[30-Mar-2016 15:58:37 UTC] PHP  46. Illuminate\Routing\Router->Illuminate\Routing\{closure}() /home/ubuntu/workspace/recipes/vendor/laravel/framework/src/Illuminate/Routing/Pipeline.php:52
[30-Mar-2016 15:58:37 UTC] PHP  47. Illuminate\Routing\Route->run() /home/ubuntu/workspace/recipes/vendor/laravel/framework/src/Illuminate/Routing/Router.php:703
[30-Mar-2016 15:58:37 UTC] PHP  48. Illuminate\Routing\Route->runController() /home/ubuntu/workspace/recipes/vendor/laravel/framework/src/Illuminate/Routing/Route.php:140
[30-Mar-2016 15:58:37 UTC] PHP  49. Illuminate\Routing\ControllerDispatcher->dispatch() /home/ubuntu/workspace/recipes/vendor/laravel/framework/src/Illuminate/Routing/Route.php:174
[30-Mar-2016 15:58:37 UTC] PHP  50. Illuminate\Routing\ControllerDispatcher->callWithinStack() /home/ubuntu/workspace/recipes/vendor/laravel/framework/src/Illuminate/Routing/ControllerDispatcher.php:54
[30-Mar-2016 15:58:37 UTC] PHP  51. Illuminate\Pipeline\Pipeline->then() /home/ubuntu/workspace/recipes/vendor/laravel/framework/src/Illuminate/Routing/ControllerDispatcher.php:96
[30-Mar-2016 15:58:37 UTC] PHP  52. call_user_func:{/home/ubuntu/workspace/recipes/vendor/laravel/framework/src/Illuminate/Pipeline/Pipeline.php:103}() /home/ubuntu/workspace/recipes/vendor/laravel/framework/src/Illuminate/Pipeline/Pipeline.php:103
[30-Mar-2016 15:58:37 UTC] PHP  53. Illuminate\Routing\Pipeline->Illuminate\Routing\{closure}() /home/ubuntu/workspace/recipes/vendor/laravel/framework/src/Illuminate/Pipeline/Pipeline.php:103
[30-Mar-2016 15:58:37 UTC] PHP  54. call_user_func:{/home/ubuntu/workspace/recipes/vendor/laravel/framework/src/Illuminate/Routing/Pipeline.php:52}() /home/ubuntu/workspace/recipes/vendor/laravel/framework/src/Illuminate/Routing/Pipeline.php:52
[30-Mar-2016 15:58:37 UTC] PHP  55. Illuminate\Routing\ControllerDispatcher->Illuminate\Routing\{closure}() /home/ubuntu/workspace/recipes/vendor/laravel/framework/src/Illuminate/Routing/Pipeline.php:52
[30-Mar-2016 15:58:37 UTC] PHP  56. Illuminate\Routing\Router->prepareResponse() /home/ubuntu/workspace/recipes/vendor/laravel/framework/src/Illuminate/Routing/ControllerDispatcher.php:95
[30-Mar-2016 15:58:37 UTC] PHP  57. Symfony\Component\HttpFoundation\Response->__construct() /home/ubuntu/workspace/recipes/vendor/laravel/framework/src/Illuminate/Routing/Router.php:1030
[30-Mar-2016 15:58:37 UTC] PHP  58. Illuminate\Http\Response->setContent() /home/ubuntu/workspace/recipes/vendor/symfony/http-foundation/Response.php:199
[30-Mar-2016 15:58:37 UTC] PHP  59. Illuminate\View\View->render() /home/ubuntu/workspace/recipes/vendor/laravel/framework/src/Illuminate/Http/Response.php:53
[30-Mar-2016 15:58:37 UTC] PHP  60. Illuminate\View\View->renderContents() /home/ubuntu/workspace/recipes/vendor/laravel/framework/src/Illuminate/View/View.php:83
[30-Mar-2016 15:58:37 UTC] PHP  61. Illuminate\View\View->getContents() /home/ubuntu/workspace/recipes/vendor/laravel/framework/src/Illuminate/View/View.php:118
[30-Mar-2016 15:58:37 UTC] PHP  62. Illuminate\View\Engines\CompilerEngine->get() /home/ubuntu/workspace/recipes/vendor/laravel/framework/src/Illuminate/View/View.php:147
[30-Mar-2016 15:58:37 UTC] PHP  63. Illuminate\View\Engines\PhpEngine->evaluatePath() /home/ubuntu/workspace/recipes/vendor/laravel/framework/src/Illuminate/View/Engines/CompilerEngine.php:59
[30-Mar-2016 15:58:37 UTC] PHP  64. include() /home/ubuntu/workspace/recipes/vendor/laravel/framework/src/Illuminate/View/Engines/PhpEngine.php:42
[30-Mar-2016 15:59:27 UTC] PHP Fatal error:  Class 'Form' not found in /home/ubuntu/workspace/recipes/storage/framework/views/96909d66bf308832ea2eda8531e404f10fa18993.php on line 3
[30-Mar-2016 15:59:27 UTC] PHP Stack trace:
[30-Mar-2016 15:59:27 UTC] PHP   1. {main}() /home/ubuntu/workspace/recipes/public/index.php:0
[30-Mar-2016 15:59:27 UTC] PHP   2. Illuminate\Foundation\Http\Kernel->handle() /home/ubuntu/workspace/recipes/public/index.php:54
[30-Mar-2016 15:59:27 UTC] PHP   3. Illuminate\Foundation\Http\Kernel->sendRequestThroughRouter() /home/ubuntu/workspace/recipes/vendor/laravel/framework/src/Illuminate/Foundation/Http/Kernel.php:99
[30-Mar-2016 15:59:27 UTC] PHP   4. Illuminate\Pipeline\Pipeline->then() /home/ubuntu/workspace/recipes/vendor/laravel/framework/src/Illuminate/Foundation/Http/Kernel.php:132
[30-Mar-2016 15:59:27 UTC] PHP   5. call_user_func:{/home/ubuntu/workspace/recipes/vendor/laravel/framework/src/Illuminate/Pipeline/Pipeline.php:103}() /home/ubuntu/workspace/recipes/vendor/laravel/framework/src/Illuminate/Pipeline/Pipeline.php:103
[30-Mar-2016 15:59:27 UTC] PHP   6. Illuminate\Routing\Pipeline->Illuminate\Routing\{closure}() /home/ubuntu/workspace/recipes/vendor/laravel/framework/src/Illuminate/Pipeline/Pipeline.php:103
[30-Mar-2016 15:59:27 UTC] PHP   7. call_user_func:{/home/ubuntu/workspace/recipes/vendor/laravel/framework/src/Illuminate/Routing/Pipeline.php:32}() /home/ubuntu/workspace/recipes/vendor/laravel/framework/src/Illuminate/Routing/Pipeline.php:32
[30-Mar-2016 15:59:27 UTC] PHP   8. Illuminate\Pipeline\Pipeline->Illuminate\Pipeline\{closure}() /home/ubuntu/workspace/recipes/vendor/laravel/framework/src/Illuminate/Routing/Pipeline.php:32
[30-Mar-2016 15:59:27 UTC] PHP   9. call_user_func_array:{/home/ubuntu/workspace/recipes/vendor/laravel/framework/src/Illuminate/Pipeline/Pipeline.php:124}() /home/ubuntu/workspace/recipes/vendor/laravel/framework/src/Illuminate/Pipeline/Pipeline.php:124
[30-Mar-2016 15:59:27 UTC] PHP  10. Illuminate\Foundation\Http\Middleware\CheckForMaintenanceMode->handle() /home/ubuntu/workspace/recipes/vendor/laravel/framework/src/Illuminate/Pipeline/Pipeline.php:124
[30-Mar-2016 15:59:27 UTC] PHP  11. Illuminate\Routing\Pipeline->Illuminate\Routing\{closure}() /home/ubuntu/workspace/recipes/vendor/laravel/framework/src/Illuminate/Foundation/Http/Middleware/CheckForMaintenanceMode.php:44
[30-Mar-2016 15:59:27 UTC] PHP  12. call_user_func:{/home/ubuntu/workspace/recipes/vendor/laravel/framework/src/Illuminate/Routing/Pipeline.php:52}() /home/ubuntu/workspace/recipes/vendor/laravel/framework/src/Illuminate/Routing/Pipeline.php:52
[30-Mar-2016 15:59:27 UTC] PHP  13. Illuminate\Foundation\Http\Kernel->Illuminate\Foundation\Http\{closure}() /home/ubuntu/workspace/recipes/vendor/laravel/framework/src/Illuminate/Routing/Pipeline.php:52
[30-Mar-2016 15:59:27 UTC] PHP  14. Illuminate\Routing\Router->dispatch() /home/ubuntu/workspace/recipes/vendor/laravel/framework/src/Illuminate/Foundation/Http/Kernel.php:282
[30-Mar-2016 15:59:27 UTC] PHP  15. Illuminate\Routing\Router->dispatchToRoute() /home/ubuntu/workspace/recipes/vendor/laravel/framework/src/Illuminate/Routing/Router.php:654
[30-Mar-2016 15:59:27 UTC] PHP  16. Illuminate\Routing\Router->runRouteWithinStack() /home/ubuntu/workspace/recipes/vendor/laravel/framework/src/Illuminate/Routing/Router.php:678
[30-Mar-2016 15:59:27 UTC] PHP  17. Illuminate\Pipeline\Pipeline->then() /home/ubuntu/workspace/recipes/vendor/laravel/framework/src/Illuminate/Routing/Router.php:705
[30-Mar-2016 15:59:27 UTC] PHP  18. call_user_func:{/home/ubuntu/workspace/recipes/vendor/laravel/framework/src/Illuminate/Pipeline/Pipeline.php:103}() /home/ubuntu/workspace/recipes/vendor/laravel/framework/src/Illuminate/Pipeline/Pipeline.php:103
[30-Mar-2016 15:59:27 UTC] PHP  19. Illuminate\Routing\Pipeline->Illuminate\Routing\{closure}() /home/ubuntu/workspace/recipes/vendor/laravel/framework/src/Illuminate/Pipeline/Pipeline.php:103
[30-Mar-2016 15:59:27 UTC] PHP  20. call_user_func:{/home/ubuntu/workspace/recipes/vendor/laravel/framework/src/Illuminate/Routing/Pipeline.php:32}() /home/ubuntu/workspace/recipes/vendor/laravel/framework/src/Illuminate/Routing/Pipeline.php:32
[30-Mar-2016 15:59:27 UTC] PHP  21. Illuminate\Pipeline\Pipeline->Illuminate\Pipeline\{closure}() /home/ubuntu/workspace/recipes/vendor/laravel/framework/src/Illuminate/Routing/Pipeline.php:32
[30-Mar-2016 15:59:27 UTC] PHP  22. call_user_func_array:{/home/ubuntu/workspace/recipes/vendor/laravel/framework/src/Illuminate/Pipeline/Pipeline.php:124}() /home/ubuntu/workspace/recipes/vendor/laravel/framework/src/Illuminate/Pipeline/Pipeline.php:124
[30-Mar-2016 15:59:27 UTC] PHP  23. Illuminate\Cookie\Middleware\EncryptCookies->handle() /home/ubuntu/workspace/recipes/vendor/laravel/framework/src/Illuminate/Pipeline/Pipeline.php:124
[30-Mar-2016 15:59:27 UTC] PHP  24. Illuminate\Routing\Pipeline->Illuminate\Routing\{closure}() /home/ubuntu/workspace/recipes/vendor/laravel/framework/src/Illuminate/Cookie/Middleware/EncryptCookies.php:59
[30-Mar-2016 15:59:27 UTC] PHP  25. call_user_func:{/home/ubuntu/workspace/recipes/vendor/laravel/framework/src/Illuminate/Routing/Pipeline.php:32}() /home/ubuntu/workspace/recipes/vendor/laravel/framework/src/Illuminate/Routing/Pipeline.php:32
[30-Mar-2016 15:59:27 UTC] PHP  26. Illuminate\Pipeline\Pipeline->Illuminate\Pipeline\{closure}() /home/ubuntu/workspace/recipes/vendor/laravel/framework/src/Illuminate/Routing/Pipeline.php:32
[30-Mar-2016 15:59:27 UTC] PHP  27. call_user_func_array:{/home/ubuntu/workspace/recipes/vendor/laravel/framework/src/Illuminate/Pipeline/Pipeline.php:124}() /home/ubuntu/workspace/recipes/vendor/laravel/framework/src/Illuminate/Pipeline/Pipeline.php:124
[30-Mar-2016 15:59:27 UTC] PHP  28. Illuminate\Cookie\Middleware\AddQueuedCookiesToResponse->handle() /home/ubuntu/workspace/recipes/vendor/laravel/framework/src/Illuminate/Pipeline/Pipeline.php:124
[30-Mar-2016 15:59:27 UTC] PHP  29. Illuminate\Routing\Pipeline->Illuminate\Routing\{closure}() /home/ubuntu/workspace/recipes/vendor/laravel/framework/src/Illuminate/Cookie/Middleware/AddQueuedCookiesToResponse.php:37
[30-Mar-2016 15:59:27 UTC] PHP  30. call_user_func:{/home/ubuntu/workspace/recipes/vendor/laravel/framework/src/Illuminate/Routing/Pipeline.php:32}() /home/ubuntu/workspace/recipes/vendor/laravel/framework/src/Illuminate/Routing/Pipeline.php:32
[30-Mar-2016 15:59:27 UTC] PHP  31. Illuminate\Pipeline\Pipeline->Illuminate\Pipeline\{closure}() /home/ubuntu/workspace/recipes/vendor/laravel/framework/src/Illuminate/Routing/Pipeline.php:32
[30-Mar-2016 15:59:27 UTC] PHP  32. call_user_func_array:{/home/ubuntu/workspace/recipes/vendor/laravel/framework/src/Illuminate/Pipeline/Pipeline.php:124}() /home/ubuntu/workspace/recipes/vendor/laravel/framework/src/Illuminate/Pipeline/Pipeline.php:124
[30-Mar-2016 15:59:27 UTC] PHP  33. Illuminate\Session\Middleware\StartSession->handle() /home/ubuntu/workspace/recipes/vendor/laravel/framework/src/Illuminate/Pipeline/Pipeline.php:124
[30-Mar-2016 15:59:27 UTC] PHP  34. Illuminate\Routing\Pipeline->Illuminate\Routing\{closure}() /home/ubuntu/workspace/recipes/vendor/laravel/framework/src/Illuminate/Session/Middleware/StartSession.php:62
[30-Mar-2016 15:59:27 UTC] PHP  35. call_user_func:{/home/ubuntu/workspace/recipes/vendor/laravel/framework/src/Illuminate/Routing/Pipeline.php:32}() /home/ubuntu/workspace/recipes/vendor/laravel/framework/src/Illuminate/Routing/Pipeline.php:32
[30-Mar-2016 15:59:27 UTC] PHP  36. Illuminate\Pipeline\Pipeline->Illuminate\Pipeline\{closure}() /home/ubuntu/workspace/recipes/vendor/laravel/framework/src/Illuminate/Routing/Pipeline.php:32
[30-Mar-2016 15:59:27 UTC] PHP  37. call_user_func_array:{/home/ubuntu/workspace/recipes/vendor/laravel/framework/src/Illuminate/Pipeline/Pipeline.php:124}() /home/ubuntu/workspace/recipes/vendor/laravel/framework/src/Illuminate/Pipeline/Pipeline.php:124
[30-Mar-2016 15:59:27 UTC] PHP  38. Illuminate\View\Middleware\ShareErrorsFromSession->handle() /home/ubuntu/workspace/recipes/vendor/laravel/framework/src/Illuminate/Pipeline/Pipeline.php:124
[30-Mar-2016 15:59:27 UTC] PHP  39. Illuminate\Routing\Pipeline->Illuminate\Routing\{closure}() /home/ubuntu/workspace/recipes/vendor/laravel/framework/src/Illuminate/View/Middleware/ShareErrorsFromSession.php:49
[30-Mar-2016 15:59:27 UTC] PHP  40. call_user_func:{/home/ubuntu/workspace/recipes/vendor/laravel/framework/src/Illuminate/Routing/Pipeline.php:32}() /home/ubuntu/workspace/recipes/vendor/laravel/framework/src/Illuminate/Routing/Pipeline.php:32
[30-Mar-2016 15:59:27 UTC] PHP  41. Illuminate\Pipeline\Pipeline->Illuminate\Pipeline\{closure}() /home/ubuntu/workspace/recipes/vendor/laravel/framework/src/Illuminate/Routing/Pipeline.php:32
[30-Mar-2016 15:59:27 UTC] PHP  42. call_user_func_array:{/home/ubuntu/workspace/recipes/vendor/laravel/framework/src/Illuminate/Pipeline/Pipeline.php:124}() /home/ubuntu/workspace/recipes/vendor/laravel/framework/src/Illuminate/Pipeline/Pipeline.php:124
[30-Mar-2016 15:59:27 UTC] PHP  43. Illuminate\Foundation\Http\Middleware\VerifyCsrfToken->handle() /home/ubuntu/workspace/recipes/vendor/laravel/framework/src/Illuminate/Pipeline/Pipeline.php:124
[30-Mar-2016 15:59:27 UTC] PHP  44. Illuminate\Routing\Pipeline->Illuminate\Routing\{closure}() /home/ubuntu/workspace/recipes/vendor/laravel/framework/src/Illuminate/Foundation/Http/Middleware/VerifyCsrfToken.php:64
[30-Mar-2016 15:59:27 UTC] PHP  45. call_user_func:{/home/ubuntu/workspace/recipes/vendor/laravel/framework/src/Illuminate/Routing/Pipeline.php:52}() /home/ubuntu/workspace/recipes/vendor/laravel/framework/src/Illuminate/Routing/Pipeline.php:52
[30-Mar-2016 15:59:27 UTC] PHP  46. Illuminate\Routing\Router->Illuminate\Routing\{closure}() /home/ubuntu/workspace/recipes/vendor/laravel/framework/src/Illuminate/Routing/Pipeline.php:52
[30-Mar-2016 15:59:27 UTC] PHP  47. Illuminate\Routing\Route->run() /home/ubuntu/workspace/recipes/vendor/laravel/framework/src/Illuminate/Routing/Router.php:703
[30-Mar-2016 15:59:27 UTC] PHP  48. Illuminate\Routing\Route->runController() /home/ubuntu/workspace/recipes/vendor/laravel/framework/src/Illuminate/Routing/Route.php:140
[30-Mar-2016 15:59:27 UTC] PHP  49. Illuminate\Routing\ControllerDispatcher->dispatch() /home/ubuntu/workspace/recipes/vendor/laravel/framework/src/Illuminate/Routing/Route.php:174
[30-Mar-2016 15:59:27 UTC] PHP  50. Illuminate\Routing\ControllerDispatcher->callWithinStack() /home/ubuntu/workspace/recipes/vendor/laravel/framework/src/Illuminate/Routing/ControllerDispatcher.php:54
[30-Mar-2016 15:59:27 UTC] PHP  51. Illuminate\Pipeline\Pipeline->then() /home/ubuntu/workspace/recipes/vendor/laravel/framework/src/Illuminate/Routing/ControllerDispatcher.php:96
[30-Mar-2016 15:59:27 UTC] PHP  52. call_user_func:{/home/ubuntu/workspace/recipes/vendor/laravel/framework/src/Illuminate/Pipeline/Pipeline.php:103}() /home/ubuntu/workspace/recipes/vendor/laravel/framework/src/Illuminate/Pipeline/Pipeline.php:103
[30-Mar-2016 15:59:27 UTC] PHP  53. Illuminate\Routing\Pipeline->Illuminate\Routing\{closure}() /home/ubuntu/workspace/recipes/vendor/laravel/framework/src/Illuminate/Pipeline/Pipeline.php:103
[30-Mar-2016 15:59:27 UTC] PHP  54. call_user_func:{/home/ubuntu/workspace/recipes/vendor/laravel/framework/src/Illuminate/Routing/Pipeline.php:52}() /home/ubuntu/workspace/recipes/vendor/laravel/framework/src/Illuminate/Routing/Pipeline.php:52
[30-Mar-2016 15:59:27 UTC] PHP  55. Illuminate\Routing\ControllerDispatcher->Illuminate\Routing\{closure}() /home/ubuntu/workspace/recipes/vendor/laravel/framework/src/Illuminate/Routing/Pipeline.php:52
[30-Mar-2016 15:59:27 UTC] PHP  56. Illuminate\Routing\Router->prepareResponse() /home/ubuntu/workspace/recipes/vendor/laravel/framework/src/Illuminate/Routing/ControllerDispatcher.php:95
[30-Mar-2016 15:59:27 UTC] PHP  57. Symfony\Component\HttpFoundation\Response->__construct() /home/ubuntu/workspace/recipes/vendor/laravel/framework/src/Illuminate/Routing/Router.php:1030
[30-Mar-2016 15:59:27 UTC] PHP  58. Illuminate\Http\Response->setContent() /home/ubuntu/workspace/recipes/vendor/symfony/http-foundation/Response.php:199
[30-Mar-2016 15:59:27 UTC] PHP  59. Illuminate\View\View->render() /home/ubuntu/workspace/recipes/vendor/laravel/framework/src/Illuminate/Http/Response.php:53
[30-Mar-2016 15:59:27 UTC] PHP  60. Illuminate\View\View->renderContents() /home/ubuntu/workspace/recipes/vendor/laravel/framework/src/Illuminate/View/View.php:83
[30-Mar-2016 15:59:27 UTC] PHP  61. Illuminate\View\View->getContents() /home/ubuntu/workspace/recipes/vendor/laravel/framework/src/Illuminate/View/View.php:118
[30-Mar-2016 15:59:27 UTC] PHP  62. Illuminate\View\Engines\CompilerEngine->get() /home/ubuntu/workspace/recipes/vendor/laravel/framework/src/Illuminate/View/View.php:147
[30-Mar-2016 15:59:27 UTC] PHP  63. Illuminate\View\Engines\PhpEngine->evaluatePath() /home/ubuntu/workspace/recipes/vendor/laravel/framework/src/Illuminate/View/Engines/CompilerEngine.php:59
[30-Mar-2016 15:59:27 UTC] PHP  64. include() /home/ubuntu/workspace/recipes/vendor/laravel/framework/src/Illuminate/View/Engines/PhpEngine.php:42
